INFO:     Will watch for changes in these directories: ['/Users/amrotuhami/Documents/Voxel3di/repofrontend/voxel-develop/backend']
INFO:     Uvicorn running on http://127.0.0.1:8001 (Press CTRL+C to quit)
INFO:     Started reloader process [73000] using StatReload
INFO:     Started server process [73078]
INFO:     Waiting for application startup.
INFO:     Application startup complete.
WARNING:  StatReload detected changes in 'routers/dental_segmentator.py'. Reloading...
INFO:     Shutting down
INFO:     Waiting for application shutdown.
INFO:     Application shutdown complete.
INFO:     Finished server process [73078]
INFO:     Started server process [77584]
INFO:     Waiting for application startup.
INFO:     Application startup complete.
WARNING:  StatReload detected changes in 'routers/dental_segmentator.py'. Reloading...
INFO:     Shutting down
INFO:     Waiting for application shutdown.
INFO:     Application shutdown complete.
INFO:     Finished server process [77584]
INFO:     Started server process [79481]
INFO:     Waiting for application startup.
INFO:     Application startup complete.
